<?xml version="1.0" encoding="UTF-8"?>
<testng-results ignored="0" total="1" passed="1" failed="0" skipped="0">
  <reporter-output>
  </reporter-output>
  <suite started-at="2024-10-01T20:22:12 IST" name="Default suite" finished-at="2024-10-01T20:22:30 IST" duration-ms="17960">
    <groups>
    </groups>
    <test started-at="2024-10-01T20:22:12 IST" name="Default test" finished-at="2024-10-01T20:22:30 IST" duration-ms="17960">
      <class name="TestClass.TC003_NewCustTest">
        <test-method is-config="true" signature="setUp(java.lang.String,java.lang.String)[pri:0, instance:TestClass.TC003_NewCustTest@a77614d]" started-at="2024-10-01T20:22:12 IST" name="setUp" finished-at="2024-10-01T20:22:24 IST" duration-ms="12302" status="PASS">
          <params>
            <param index="0">
              <value>
                <![CDATA[windows]]>
              </value>
            </param>
            <param index="1">
              <value>
                <![CDATA[chrome]]>
              </value>
            </param>
          </params>
          <reporter-output>
          </reporter-output>
        </test-method> <!-- setUp -->
        <test-method signature="createNewCustTest()[pri:0, instance:TestClass.TC003_NewCustTest@a77614d]" started-at="2024-10-01T20:22:24 IST" name="createNewCustTest" finished-at="2024-10-01T20:22:29 IST" duration-ms="4846" status="PASS">
          <reporter-output>
          </reporter-output>
        </test-method> <!-- createNewCustTest -->
        <test-method is-config="true" signature="tearDown()[pri:0, instance:TestClass.TC003_NewCustTest@a77614d]" started-at="2024-10-01T20:22:29 IST" name="tearDown" finished-at="2024-10-01T20:22:30 IST" duration-ms="730" status="PASS">
          <reporter-output>
          </reporter-output>
        </test-method> <!-- tearDown -->
      </class> <!-- TestClass.TC003_NewCustTest -->
    </test> <!-- Default test -->
  </suite> <!-- Default suite -->
</testng-results>
